{"C:\\Users\\777\\Desktop\\YANDEX_PRACTICUM\\projects\\stellar-burger\\src\\slices\\burgerConstructor.ts": {"path":"C:\\Users\\777\\Desktop\\YANDEX_PRACTICUM\\projects\\stellar-burger\\src\\slices\\burgerConstructor.ts","all":false,"statementMap":{"0":{"start":{"line":1,"column":0},"end":{"line":1,"column":62}},"1":{"start":{"line":2,"column":0},"end":{"line":2,"column":36}},"2":{"start":{"line":3,"column":0},"end":{"line":3,"column":69}},"3":{"start":{"line":4,"column":0},"end":{"line":4,"column":0}},"4":{"start":{"line":5,"column":0},"end":{"line":5,"column":34}},"5":{"start":{"line":6,"column":0},"end":{"line":6,"column":37}},"6":{"start":{"line":7,"column":0},"end":{"line":7,"column":40}},"7":{"start":{"line":8,"column":0},"end":{"line":8,"column":1}},"8":{"start":{"line":9,"column":0},"end":{"line":9,"column":0}},"9":{"start":{"line":10,"column":0},"end":{"line":10,"column":46}},"10":{"start":{"line":11,"column":0},"end":{"line":11,"column":12}},"11":{"start":{"line":12,"column":0},"end":{"line":12,"column":17}},"12":{"start":{"line":13,"column":0},"end":{"line":13,"column":2}},"13":{"start":{"line":14,"column":0},"end":{"line":14,"column":0}},"14":{"start":{"line":15,"column":0},"end":{"line":15,"column":51}},"15":{"start":{"line":16,"column":0},"end":{"line":16,"column":28}},"16":{"start":{"line":17,"column":0},"end":{"line":17,"column":15}},"17":{"start":{"line":18,"column":0},"end":{"line":18,"column":13}},"18":{"start":{"line":19,"column":0},"end":{"line":19,"column":27}},"19":{"start":{"line":20,"column":0},"end":{"line":20,"column":46}},"20":{"start":{"line":21,"column":0},"end":{"line":21,"column":48}},"21":{"start":{"line":22,"column":0},"end":{"line":22,"column":9}},"22":{"start":{"line":23,"column":0},"end":{"line":23,"column":79}},"23":{"start":{"line":24,"column":0},"end":{"line":24,"column":30}},"24":{"start":{"line":25,"column":0},"end":{"line":25,"column":33}},"25":{"start":{"line":26,"column":0},"end":{"line":26,"column":44}},"26":{"start":{"line":27,"column":0},"end":{"line":27,"column":7}},"27":{"start":{"line":28,"column":0},"end":{"line":28,"column":6}},"28":{"start":{"line":29,"column":0},"end":{"line":29,"column":32}},"29":{"start":{"line":30,"column":0},"end":{"line":30,"column":12}},"30":{"start":{"line":31,"column":0},"end":{"line":31,"column":56}},"31":{"start":{"line":32,"column":0},"end":{"line":32,"column":10}},"32":{"start":{"line":33,"column":0},"end":{"line":33,"column":51}},"33":{"start":{"line":34,"column":0},"end":{"line":34,"column":40}},"34":{"start":{"line":35,"column":0},"end":{"line":35,"column":8}},"35":{"start":{"line":36,"column":0},"end":{"line":36,"column":6}},"36":{"start":{"line":37,"column":0},"end":{"line":37,"column":75}},"37":{"start":{"line":38,"column":0},"end":{"line":38,"column":70}},"38":{"start":{"line":39,"column":0},"end":{"line":39,"column":39}},"39":{"start":{"line":40,"column":0},"end":{"line":40,"column":34}},"40":{"start":{"line":41,"column":0},"end":{"line":41,"column":8}},"41":{"start":{"line":42,"column":0},"end":{"line":42,"column":6}},"42":{"start":{"line":43,"column":0},"end":{"line":43,"column":77}},"43":{"start":{"line":44,"column":0},"end":{"line":44,"column":70}},"44":{"start":{"line":45,"column":0},"end":{"line":45,"column":39}},"45":{"start":{"line":46,"column":0},"end":{"line":46,"column":34}},"46":{"start":{"line":47,"column":0},"end":{"line":47,"column":8}},"47":{"start":{"line":48,"column":0},"end":{"line":48,"column":6}},"48":{"start":{"line":49,"column":0},"end":{"line":49,"column":40}},"49":{"start":{"line":50,"column":0},"end":{"line":50,"column":51}},"50":{"start":{"line":51,"column":0},"end":{"line":51,"column":5}},"51":{"start":{"line":52,"column":0},"end":{"line":52,"column":4}},"52":{"start":{"line":53,"column":0},"end":{"line":53,"column":14}},"53":{"start":{"line":54,"column":0},"end":{"line":54,"column":67}},"54":{"start":{"line":55,"column":0},"end":{"line":55,"column":3}},"55":{"start":{"line":56,"column":0},"end":{"line":56,"column":3}},"56":{"start":{"line":57,"column":0},"end":{"line":57,"column":0}},"57":{"start":{"line":58,"column":0},"end":{"line":58,"column":64}},"58":{"start":{"line":59,"column":0},"end":{"line":59,"column":14}},"59":{"start":{"line":60,"column":0},"end":{"line":60,"column":23}},"60":{"start":{"line":61,"column":0},"end":{"line":61,"column":28}},"61":{"start":{"line":62,"column":0},"end":{"line":62,"column":24}},"62":{"start":{"line":63,"column":0},"end":{"line":63,"column":26}},"63":{"start":{"line":64,"column":0},"end":{"line":64,"column":24}},"64":{"start":{"line":65,"column":0},"end":{"line":65,"column":35}}},"s":{"0":1,"1":1,"2":1,"3":1,"4":1,"5":1,"6":1,"7":1,"8":1,"9":1,"10":1,"11":1,"12":1,"13":1,"14":1,"15":1,"16":1,"17":1,"18":1,"19":1,"20":1,"21":1,"22":1,"23":2,"24":2,"25":2,"26":2,"27":1,"28":1,"29":1,"30":1,"31":1,"32":1,"33":1,"34":1,"35":1,"36":1,"37":1,"38":1,"39":1,"40":1,"41":1,"42":1,"43":1,"44":1,"45":1,"46":1,"47":1,"48":1,"49":1,"50":1,"51":1,"52":1,"53":1,"54":1,"55":1,"56":1,"57":1,"58":1,"59":1,"60":1,"61":1,"62":1,"63":1,"64":1},"branchMap":{"0":{"type":"branch","line":20,"loc":{"start":{"line":20,"column":15},"end":{"line":20,"column":45}},"locations":[{"start":{"line":20,"column":15},"end":{"line":20,"column":45}}]},"1":{"type":"branch","line":23,"loc":{"start":{"line":23,"column":15},"end":{"line":27,"column":7}},"locations":[{"start":{"line":23,"column":15},"end":{"line":27,"column":7}}]},"2":{"type":"branch","line":25,"loc":{"start":{"line":25,"column":10},"end":{"line":25,"column":33}},"locations":[{"start":{"line":25,"column":10},"end":{"line":25,"column":33}}]},"3":{"type":"branch","line":26,"loc":{"start":{"line":26,"column":10},"end":{"line":26,"column":43}},"locations":[{"start":{"line":26,"column":10},"end":{"line":26,"column":43}}]},"4":{"type":"branch","line":29,"loc":{"start":{"line":29,"column":31},"end":{"line":36,"column":5}},"locations":[{"start":{"line":29,"column":31},"end":{"line":36,"column":5}}]},"5":{"type":"branch","line":34,"loc":{"start":{"line":34,"column":8},"end":{"line":34,"column":22}},"locations":[{"start":{"line":34,"column":8},"end":{"line":34,"column":22}}]},"6":{"type":"branch","line":37,"loc":{"start":{"line":37,"column":27},"end":{"line":42,"column":5}},"locations":[{"start":{"line":37,"column":27},"end":{"line":42,"column":5}}]},"7":{"type":"branch","line":43,"loc":{"start":{"line":43,"column":29},"end":{"line":48,"column":5}},"locations":[{"start":{"line":43,"column":29},"end":{"line":48,"column":5}}]},"8":{"type":"branch","line":49,"loc":{"start":{"line":49,"column":28},"end":{"line":51,"column":5}},"locations":[{"start":{"line":49,"column":28},"end":{"line":51,"column":5}}]},"9":{"type":"branch","line":54,"loc":{"start":{"line":54,"column":17},"end":{"line":54,"column":67}},"locations":[{"start":{"line":54,"column":17},"end":{"line":54,"column":67}}]}},"b":{"0":[2],"1":[2],"2":[1],"3":[1],"4":[1],"5":[2],"6":[1],"7":[1],"8":[1],"9":[1]},"fnMap":{"0":{"name":"prepare","decl":{"start":{"line":20,"column":15},"end":{"line":20,"column":45}},"loc":{"start":{"line":20,"column":15},"end":{"line":20,"column":45}},"line":20},"1":{"name":"reducer","decl":{"start":{"line":23,"column":15},"end":{"line":27,"column":7}},"loc":{"start":{"line":23,"column":15},"end":{"line":27,"column":7}},"line":23},"2":{"name":"removeIngredientFromOrder","decl":{"start":{"line":29,"column":31},"end":{"line":36,"column":5}},"loc":{"start":{"line":29,"column":31},"end":{"line":36,"column":5}},"line":29},"3":{"name":"moveIngredientArrayUp","decl":{"start":{"line":37,"column":27},"end":{"line":42,"column":5}},"loc":{"start":{"line":37,"column":27},"end":{"line":42,"column":5}},"line":37},"4":{"name":"moveIngredientArrayDown","decl":{"start":{"line":43,"column":29},"end":{"line":48,"column":5}},"loc":{"start":{"line":43,"column":29},"end":{"line":48,"column":5}},"line":43},"5":{"name":"clearBurgerConstructor","decl":{"start":{"line":49,"column":28},"end":{"line":51,"column":5}},"loc":{"start":{"line":49,"column":28},"end":{"line":51,"column":5}},"line":49},"6":{"name":"selectState","decl":{"start":{"line":54,"column":17},"end":{"line":54,"column":67}},"loc":{"start":{"line":54,"column":17},"end":{"line":54,"column":67}},"line":54}},"f":{"0":2,"1":2,"2":1,"3":1,"4":1,"5":1,"6":1}}
}
