TN:
SF:src\slices\burgerConstructor.ts
FN:20,prepare
FN:23,reducer
FN:29,removeIngredientFromOrder
FN:37,moveIngredientArrayUp
FN:43,moveIngredientArrayDown
FN:49,clearBurgerConstructor
FN:54,selectState
FNF:7
FNH:7
FNDA:2,prepare
FNDA:2,reducer
FNDA:1,removeIngredientFromOrder
FNDA:1,moveIngredientArrayUp
FNDA:1,moveIngredientArrayDown
FNDA:1,clearBurgerConstructor
FNDA:1,selectState
DA:1,1
DA:2,1
DA:3,1
DA:4,1
DA:5,1
DA:6,1
DA:7,1
DA:8,1
DA:9,1
DA:10,1
DA:11,1
DA:12,1
DA:13,1
DA:14,1
DA:15,1
DA:16,1
DA:17,1
DA:18,1
DA:19,1
DA:20,1
DA:21,1
DA:22,1
DA:23,1
DA:24,2
DA:25,2
DA:26,2
DA:27,2
DA:28,1
DA:29,1
DA:30,1
DA:31,1
DA:32,1
DA:33,1
DA:34,1
DA:35,1
DA:36,1
DA:37,1
DA:38,1
DA:39,1
DA:40,1
DA:41,1
DA:42,1
DA:43,1
DA:44,1
DA:45,1
DA:46,1
DA:47,1
DA:48,1
DA:49,1
DA:50,1
DA:51,1
DA:52,1
DA:53,1
DA:54,1
DA:55,1
DA:56,1
DA:57,1
DA:58,1
DA:59,1
DA:60,1
DA:61,1
DA:62,1
DA:63,1
DA:64,1
DA:65,1
LF:65
LH:65
BRDA:20,0,0,2
BRDA:23,1,0,2
BRDA:25,2,0,1
BRDA:26,3,0,1
BRDA:29,4,0,1
BRDA:34,5,0,2
BRDA:37,6,0,1
BRDA:43,7,0,1
BRDA:49,8,0,1
BRDA:54,9,0,1
BRF:10
BRH:10
end_of_record
